<?xml version="1.0" encoding="UTF-8"?>
<testng-results skipped="0" failed="0" ignored="0" total="1" passed="1">
  <reporter-output>
  </reporter-output>
  <suite name="Default suite" duration-ms="17516" started-at="2022-01-21T09:35:12 IST" finished-at="2022-01-21T09:35:30 IST">
    <groups>
    </groups>
    <test name="Default test" duration-ms="17516" started-at="2022-01-21T09:35:12 IST" finished-at="2022-01-21T09:35:30 IST">
      <class name="testcases.LoginTestcase">
        <test-method status="PASS" signature="login()[pri:0, instance:testcases.LoginTestcase@6fc6f14e]" name="login" duration-ms="17477" started-at="2022-01-21T09:35:12 IST" finished-at="2022-01-21T09:35:30 IST">
          <reporter-output>
          </reporter-output>
        </test-method> <!-- login -->
      </class> <!-- testcases.LoginTestcase -->
    </test> <!-- Default test -->
  </suite> <!-- Default suite -->
</testng-results>
